\BOOKMARK [0][-]{chapter.1}{\376\377\0001\000\040\000C\000l\000a\000s\000s\000\040\000I\000n\000d\000e\000x}{}% 1
\BOOKMARK [1][-]{section.1.1}{\376\377\0001\000.\0001\000\040\000C\000l\000a\000s\000s\000\040\000L\000i\000s\000t}{chapter.1}% 2
\BOOKMARK [0][-]{chapter.2}{\376\377\0002\000\040\000F\000i\000l\000e\000\040\000I\000n\000d\000e\000x}{}% 3
\BOOKMARK [1][-]{section.2.1}{\376\377\0002\000.\0001\000\040\000F\000i\000l\000e\000\040\000L\000i\000s\000t}{chapter.2}% 4
\BOOKMARK [0][-]{chapter.3}{\376\377\0003\000\040\000C\000l\000a\000s\000s\000\040\000D\000o\000c\000u\000m\000e\000n\000t\000a\000t\000i\000o\000n}{}% 5
\BOOKMARK [1][-]{section.3.1}{\376\377\0003\000.\0001\000\040\000A\000d\000j\000a\000c\000e\000n\000c\000i\000a\000\040\000S\000t\000r\000u\000c\000t\000\040\000R\000e\000f\000e\000r\000e\000n\000c\000e}{chapter.3}% 6
\BOOKMARK [2][-]{subsection.3.1.1}{\376\377\0003\000.\0001\000.\0001\000\040\000M\000e\000m\000b\000e\000r\000\040\000D\000a\000t\000a\000\040\000D\000o\000c\000u\000m\000e\000n\000t\000a\000t\000i\000o\000n}{section.3.1}% 7
\BOOKMARK [3][-]{subsubsection.3.1.1.1}{\376\377\0003\000.\0001\000.\0001\000.\0001\000\040\000c\000o\000d\000V\000e\000r\000t}{subsection.3.1.1}% 8
\BOOKMARK [3][-]{subsubsection.3.1.1.2}{\376\377\0003\000.\0001\000.\0001\000.\0002\000\040\000n\000e\000x\000t}{subsection.3.1.1}% 9
\BOOKMARK [3][-]{subsubsection.3.1.1.3}{\376\377\0003\000.\0001\000.\0001\000.\0003\000\040\000p\000e\000s\000o}{subsection.3.1.1}% 10
\BOOKMARK [3][-]{subsubsection.3.1.1.4}{\376\377\0003\000.\0001\000.\0001\000.\0004\000\040\000v\000i\000s\000i\000t\000a\000d\000o}{subsection.3.1.1}% 11
\BOOKMARK [1][-]{section.3.2}{\376\377\0003\000.\0002\000\040\000G\000r\000a\000f\000o\000\040\000S\000t\000r\000u\000c\000t\000\040\000R\000e\000f\000e\000r\000e\000n\000c\000e}{chapter.3}% 12
\BOOKMARK [2][-]{subsection.3.2.1}{\376\377\0003\000.\0002\000.\0001\000\040\000M\000e\000m\000b\000e\000r\000\040\000D\000a\000t\000a\000\040\000D\000o\000c\000u\000m\000e\000n\000t\000a\000t\000i\000o\000n}{section.3.2}% 13
\BOOKMARK [3][-]{subsubsection.3.2.1.1}{\376\377\0003\000.\0002\000.\0001\000.\0001\000\040\000i\000n\000i\000c\000i\000o}{subsection.3.2.1}% 14
\BOOKMARK [3][-]{subsubsection.3.2.1.2}{\376\377\0003\000.\0002\000.\0001\000.\0002\000\040\000n\000u\000m\000V\000e\000r\000t}{subsection.3.2.1}% 15
\BOOKMARK [1][-]{section.3.3}{\376\377\0003\000.\0003\000\040\000S\000t\000a\000c\000k\000\040\000S\000t\000r\000u\000c\000t\000\040\000R\000e\000f\000e\000r\000e\000n\000c\000e}{chapter.3}% 16
\BOOKMARK [2][-]{subsection.3.3.1}{\376\377\0003\000.\0003\000.\0001\000\040\000M\000e\000m\000b\000e\000r\000\040\000D\000a\000t\000a\000\040\000D\000o\000c\000u\000m\000e\000n\000t\000a\000t\000i\000o\000n}{section.3.3}% 17
\BOOKMARK [3][-]{subsubsection.3.3.1.1}{\376\377\0003\000.\0003\000.\0001\000.\0001\000\040\000i\000d}{subsection.3.3.1}% 18
\BOOKMARK [3][-]{subsubsection.3.3.1.2}{\376\377\0003\000.\0003\000.\0001\000.\0002\000\040\000n\000e\000x\000t}{subsection.3.3.1}% 19
\BOOKMARK [1][-]{section.3.4}{\376\377\0003\000.\0004\000\040\000V\000e\000r\000t\000i\000c\000e\000\040\000S\000t\000r\000u\000c\000t\000\040\000R\000e\000f\000e\000r\000e\000n\000c\000e}{chapter.3}% 20
\BOOKMARK [2][-]{subsection.3.4.1}{\376\377\0003\000.\0004\000.\0001\000\040\000M\000e\000m\000b\000e\000r\000\040\000D\000a\000t\000a\000\040\000D\000o\000c\000u\000m\000e\000n\000t\000a\000t\000i\000o\000n}{section.3.4}% 21
\BOOKMARK [3][-]{subsubsection.3.4.1.1}{\376\377\0003\000.\0004\000.\0001\000.\0001\000\040\000a\000d\000j\000a\000c\000e\000n\000c\000i\000a\000s}{subsection.3.4.1}% 22
\BOOKMARK [3][-]{subsubsection.3.4.1.2}{\376\377\0003\000.\0004\000.\0001\000.\0002\000\040\000c\000o\000d}{subsection.3.4.1}% 23
\BOOKMARK [3][-]{subsubsection.3.4.1.3}{\376\377\0003\000.\0004\000.\0001\000.\0003\000\040\000n\000e\000x\000t}{subsection.3.4.1}% 24
\BOOKMARK [3][-]{subsubsection.3.4.1.4}{\376\377\0003\000.\0004\000.\0001\000.\0004\000\040\000n\000u\000m\000A\000d\000j}{subsection.3.4.1}% 25
\BOOKMARK [3][-]{subsubsection.3.4.1.5}{\376\377\0003\000.\0004\000.\0001\000.\0005\000\040\000v\000i\000s\000i\000t\000a\000d\000o}{subsection.3.4.1}% 26
\BOOKMARK [0][-]{chapter.4}{\376\377\0004\000\040\000F\000i\000l\000e\000\040\000D\000o\000c\000u\000m\000e\000n\000t\000a\000t\000i\000o\000n}{}% 27
\BOOKMARK [1][-]{section.4.1}{\376\377\0004\000.\0001\000\040\000C\000:\000/\000A\000u\000l\000a\000s\000/\0001\000\272\000\040\000a\000n\000o\000/\0002\000\272\000\040\000s\000e\000m\000e\000s\000t\000r\000e\000/\000E\000s\000t\000r\000u\000t\000u\000r\000a\000s\000\040\000d\000e\000\040\000D\000a\000d\000o\000s\000\040\000A\000v\000a\000n\000\347\000a\000d\000a\000s\000/\000T\000r\000a\000b\000a\000l\000h\000o\000\040\000E\000D\000A\000\040\000F\000a\000s\000e\000\040\0002\000/\000S\000r\000c\000/\000F\000u\000n\000c\000o\000e\000s\000L\000I\000B\000/\000C\000o\000n\000s\000t\000a\000n\000t\000e\000s\000.\000h\000\040\000F\000i\000l\000e\000\040\000R\000e\000f\000e\000r\000e\000n\000c\000e}{chapter.4}% 28
\BOOKMARK [2][-]{subsection.4.1.1}{\376\377\0004\000.\0001\000.\0001\000\040\000D\000e\000t\000a\000i\000l\000e\000d\000\040\000D\000e\000s\000c\000r\000i\000p\000t\000i\000o\000n}{section.4.1}% 29
\BOOKMARK [2][-]{subsection.4.1.2}{\376\377\0004\000.\0001\000.\0002\000\040\000M\000a\000c\000r\000o\000\040\000D\000e\000f\000i\000n\000i\000t\000i\000o\000n\000\040\000D\000o\000c\000u\000m\000e\000n\000t\000a\000t\000i\000o\000n}{section.4.1}% 30
\BOOKMARK [3][-]{subsubsection.4.1.2.1}{\376\377\0004\000.\0001\000.\0002\000.\0001\000\040\000E\000R\000R\000O\000\137\000A\000O\000\137\000A\000B\000R\000I\000R\000\137\000F\000I\000C\000H\000E\000I\000R\000O}{subsection.4.1.2}% 31
\BOOKMARK [3][-]{subsubsection.4.1.2.2}{\376\377\0004\000.\0001\000.\0002\000.\0002\000\040\000E\000X\000I\000S\000T\000E\000\137\000A\000D\000J\000A\000C\000E\000N\000C\000I\000A}{subsection.4.1.2}% 32
\BOOKMARK [3][-]{subsubsection.4.1.2.3}{\376\377\0004\000.\0001\000.\0002\000.\0003\000\040\000G\000R\000A\000F\000O\000\137\000N\000A\000O\000\137\000E\000X\000I\000S\000T\000E}{subsection.4.1.2}% 33
\BOOKMARK [3][-]{subsubsection.4.1.2.4}{\376\377\0004\000.\0001\000.\0002\000.\0004\000\040\000L\000I\000S\000T\000A\000\137\000N\000A\000O\000\137\000E\000X\000I\000S\000T\000E}{subsection.4.1.2}% 34
\BOOKMARK [3][-]{subsubsection.4.1.2.5}{\376\377\0004\000.\0001\000.\0002\000.\0005\000\040\000M\000A\000X}{subsection.4.1.2}% 35
\BOOKMARK [3][-]{subsubsection.4.1.2.6}{\376\377\0004\000.\0001\000.\0002\000.\0006\000\040\000M\000A\000X\000\137\000C\000A\000R\000A\000T\000E\000R\000E\000S}{subsection.4.1.2}% 36
\BOOKMARK [3][-]{subsubsection.4.1.2.7}{\376\377\0004\000.\0001\000.\0002\000.\0007\000\040\000N\000A\000O\000\137\000E\000X\000I\000S\000T\000E\000\137\000A\000D\000J\000A\000C\000E\000N\000C\000I\000A}{subsection.4.1.2}% 37
\BOOKMARK [3][-]{subsubsection.4.1.2.8}{\376\377\0004\000.\0001\000.\0002\000.\0008\000\040\000P\000A\000R\000A\000M\000E\000T\000R\000O\000S\000\137\000I\000N\000V\000A\000L\000I\000D\000O\000S}{subsection.4.1.2}% 38
\BOOKMARK [3][-]{subsubsection.4.1.2.9}{\376\377\0004\000.\0001\000.\0002\000.\0009\000\040\000S\000U\000C\000E\000S\000S\000O}{subsection.4.1.2}% 39
\BOOKMARK [3][-]{subsubsection.4.1.2.10}{\376\377\0004\000.\0001\000.\0002\000.\0001\0000\000\040\000V\000E\000R\000T\000I\000C\000E\000\137\000J\000A\000\137\000E\000X\000I\000S\000T\000E}{subsection.4.1.2}% 40
\BOOKMARK [3][-]{subsubsection.4.1.2.11}{\376\377\0004\000.\0001\000.\0002\000.\0001\0001\000\040\000V\000E\000R\000T\000I\000C\000E\000\137\000N\000A\000O\000\137\000E\000X\000I\000S\000T\000E}{subsection.4.1.2}% 41
\BOOKMARK [1][-]{section.4.2}{\376\377\0004\000.\0002\000\040\000C\000o\000n\000s\000t\000a\000n\000t\000e\000s\000.\000h}{chapter.4}% 42
\BOOKMARK [1][-]{section.4.3}{\376\377\0004\000.\0003\000\040\000C\000o\000n\000s\000t\000a\000n\000t\000e\000s\000.\000h\000\040\000F\000i\000l\000e\000\040\000R\000e\000f\000e\000r\000e\000n\000c\000e}{chapter.4}% 43
\BOOKMARK [2][-]{subsection.4.3.1}{\376\377\0004\000.\0003\000.\0001\000\040\000D\000e\000t\000a\000i\000l\000e\000d\000\040\000D\000e\000s\000c\000r\000i\000p\000t\000i\000o\000n}{section.4.3}% 44
\BOOKMARK [2][-]{subsection.4.3.2}{\376\377\0004\000.\0003\000.\0002\000\040\000M\000a\000c\000r\000o\000\040\000D\000e\000f\000i\000n\000i\000t\000i\000o\000n\000\040\000D\000o\000c\000u\000m\000e\000n\000t\000a\000t\000i\000o\000n}{section.4.3}% 45
\BOOKMARK [3][-]{subsubsection.4.3.2.1}{\376\377\0004\000.\0003\000.\0002\000.\0001\000\040\000E\000R\000R\000O\000\137\000A\000O\000\137\000A\000B\000R\000I\000R\000\137\000F\000I\000C\000H\000E\000I\000R\000O}{subsection.4.3.2}% 46
\BOOKMARK [3][-]{subsubsection.4.3.2.2}{\376\377\0004\000.\0003\000.\0002\000.\0002\000\040\000E\000X\000I\000S\000T\000E\000\137\000A\000D\000J\000A\000C\000E\000N\000C\000I\000A}{subsection.4.3.2}% 47
\BOOKMARK [3][-]{subsubsection.4.3.2.3}{\376\377\0004\000.\0003\000.\0002\000.\0003\000\040\000G\000R\000A\000F\000O\000\137\000N\000A\000O\000\137\000E\000X\000I\000S\000T\000E}{subsection.4.3.2}% 48
\BOOKMARK [3][-]{subsubsection.4.3.2.4}{\376\377\0004\000.\0003\000.\0002\000.\0004\000\040\000L\000I\000S\000T\000A\000\137\000N\000A\000O\000\137\000E\000X\000I\000S\000T\000E}{subsection.4.3.2}% 49
\BOOKMARK [3][-]{subsubsection.4.3.2.5}{\376\377\0004\000.\0003\000.\0002\000.\0005\000\040\000M\000A\000X}{subsection.4.3.2}% 50
\BOOKMARK [3][-]{subsubsection.4.3.2.6}{\376\377\0004\000.\0003\000.\0002\000.\0006\000\040\000M\000A\000X\000\137\000C\000A\000R\000A\000T\000E\000R\000E\000S}{subsection.4.3.2}% 51
\BOOKMARK [3][-]{subsubsection.4.3.2.7}{\376\377\0004\000.\0003\000.\0002\000.\0007\000\040\000N\000A\000O\000\137\000E\000X\000I\000S\000T\000E\000\137\000A\000D\000J\000A\000C\000E\000N\000C\000I\000A}{subsection.4.3.2}% 52
\BOOKMARK [3][-]{subsubsection.4.3.2.8}{\376\377\0004\000.\0003\000.\0002\000.\0008\000\040\000P\000A\000R\000A\000M\000E\000T\000R\000O\000S\000\137\000I\000N\000V\000A\000L\000I\000D\000O\000S}{subsection.4.3.2}% 53
\BOOKMARK [3][-]{subsubsection.4.3.2.9}{\376\377\0004\000.\0003\000.\0002\000.\0009\000\040\000S\000U\000C\000E\000S\000S\000O}{subsection.4.3.2}% 54
\BOOKMARK [3][-]{subsubsection.4.3.2.10}{\376\377\0004\000.\0003\000.\0002\000.\0001\0000\000\040\000V\000E\000R\000T\000I\000C\000E\000\137\000J\000A\000\137\000E\000X\000I\000S\000T\000E}{subsection.4.3.2}% 55
\BOOKMARK [3][-]{subsubsection.4.3.2.11}{\376\377\0004\000.\0003\000.\0002\000.\0001\0001\000\040\000V\000E\000R\000T\000I\000C\000E\000\137\000N\000A\000O\000\137\000E\000X\000I\000S\000T\000E}{subsection.4.3.2}% 56
\BOOKMARK [1][-]{section.4.4}{\376\377\0004\000.\0004\000\040\000C\000o\000n\000s\000t\000a\000n\000t\000e\000s\000.\000h}{chapter.4}% 57
\BOOKMARK [1][-]{section.4.5}{\376\377\0004\000.\0005\000\040\000C\000:\000/\000A\000u\000l\000a\000s\000/\0001\000\272\000\040\000a\000n\000o\000/\0002\000\272\000\040\000s\000e\000m\000e\000s\000t\000r\000e\000/\000E\000s\000t\000r\000u\000t\000u\000r\000a\000s\000\040\000d\000e\000\040\000D\000a\000d\000o\000s\000\040\000A\000v\000a\000n\000\347\000a\000d\000a\000s\000/\000T\000r\000a\000b\000a\000l\000h\000o\000\040\000E\000D\000A\000\040\000F\000a\000s\000e\000\040\0002\000/\000S\000r\000c\000/\000F\000u\000n\000c\000o\000e\000s\000L\000I\000B\000/\000F\000u\000n\000c\000o\000e\000s\000P\000r\000o\000c\000u\000r\000a\000.\000c\000\040\000F\000i\000l\000e\000\040\000R\000e\000f\000e\000r\000e\000n\000c\000e}{chapter.4}% 58
\BOOKMARK [2][-]{subsection.4.5.1}{\376\377\0004\000.\0005\000.\0001\000\040\000F\000u\000n\000c\000t\000i\000o\000n\000\040\000D\000o\000c\000u\000m\000e\000n\000t\000a\000t\000i\000o\000n}{section.4.5}% 59
\BOOKMARK [3][-]{subsubsection.4.5.1.1}{\376\377\0004\000.\0005\000.\0001\000.\0001\000\040\000C\000a\000l\000c\000u\000l\000o\000S\000o\000m\000a\000E\000n\000t\000r\000e\000D\000o\000i\000s\000V\000e\000r\000t\000i\000c\000e\000s\000\050\000\051}{subsection.4.5.1}% 60
\BOOKMARK [3][-]{subsubsection.4.5.1.2}{\376\377\0004\000.\0005\000.\0001\000.\0002\000\040\000D\000e\000p\000t\000h\000F\000i\000r\000s\000t\000S\000e\000a\000r\000c\000h\000R\000e\000c\000\050\000\051}{subsection.4.5.1}% 61
\BOOKMARK [3][-]{subsubsection.4.5.1.3}{\376\377\0004\000.\0005\000.\0001\000.\0003\000\040\000D\000e\000p\000t\000h\000F\000i\000r\000s\000t\000T\000r\000a\000v\000e\000r\000s\000a\000l\000\050\000\051}{subsection.4.5.1}% 62
\BOOKMARK [3][-]{subsubsection.4.5.1.4}{\376\377\0004\000.\0005\000.\0001\000.\0004\000\040\000P\000r\000o\000c\000e\000s\000s\000a\000V\000e\000r\000t\000i\000c\000e\000\050\000\051}{subsection.4.5.1}% 63
\BOOKMARK [1][-]{section.4.6}{\376\377\0004\000.\0006\000\040\000C\000:\000/\000A\000u\000l\000a\000s\000/\0001\000\272\000\040\000a\000n\000o\000/\0002\000\272\000\040\000s\000e\000m\000e\000s\000t\000r\000e\000/\000E\000s\000t\000r\000u\000t\000u\000r\000a\000s\000\040\000d\000e\000\040\000D\000a\000d\000o\000s\000\040\000A\000v\000a\000n\000\347\000a\000d\000a\000s\000/\000T\000r\000a\000b\000a\000l\000h\000o\000\040\000E\000D\000A\000\040\000F\000a\000s\000e\000\040\0002\000/\000S\000r\000c\000/\000F\000u\000n\000c\000o\000e\000s\000L\000I\000B\000/\000F\000u\000n\000c\000o\000e\000s\000P\000r\000o\000c\000u\000r\000a\000.\000h\000\040\000F\000i\000l\000e\000\040\000R\000e\000f\000e\000r\000e\000n\000c\000e}{chapter.4}% 64
\BOOKMARK [2][-]{subsection.4.6.1}{\376\377\0004\000.\0006\000.\0001\000\040\000D\000e\000t\000a\000i\000l\000e\000d\000\040\000D\000e\000s\000c\000r\000i\000p\000t\000i\000o\000n}{section.4.6}% 65
\BOOKMARK [2][-]{subsection.4.6.2}{\376\377\0004\000.\0006\000.\0002\000\040\000F\000u\000n\000c\000t\000i\000o\000n\000\040\000D\000o\000c\000u\000m\000e\000n\000t\000a\000t\000i\000o\000n}{section.4.6}% 66
\BOOKMARK [3][-]{subsubsection.4.6.2.1}{\376\377\0004\000.\0006\000.\0002\000.\0001\000\040\000C\000a\000l\000c\000u\000l\000o\000S\000o\000m\000a\000E\000n\000t\000r\000e\000D\000o\000i\000s\000V\000e\000r\000t\000i\000c\000e\000s\000z\000\050\000\051}{subsection.4.6.2}% 67
\BOOKMARK [3][-]{subsubsection.4.6.2.2}{\376\377\0004\000.\0006\000.\0002\000.\0002\000\040\000D\000e\000p\000t\000h\000F\000i\000r\000s\000t\000S\000e\000a\000r\000c\000h\000R\000e\000c\000\050\000\051}{subsection.4.6.2}% 68
\BOOKMARK [3][-]{subsubsection.4.6.2.3}{\376\377\0004\000.\0006\000.\0002\000.\0003\000\040\000D\000e\000p\000t\000h\000F\000i\000r\000s\000t\000T\000r\000a\000v\000e\000r\000s\000a\000l\000\050\000\051}{subsection.4.6.2}% 69
\BOOKMARK [3][-]{subsubsection.4.6.2.4}{\376\377\0004\000.\0006\000.\0002\000.\0004\000\040\000P\000r\000o\000c\000e\000s\000s\000a\000V\000e\000r\000t\000i\000c\000e\000\050\000\051}{subsection.4.6.2}% 70
\BOOKMARK [1][-]{section.4.7}{\376\377\0004\000.\0007\000\040\000F\000u\000n\000c\000o\000e\000s\000P\000r\000o\000c\000u\000r\000a\000.\000h}{chapter.4}% 71
\BOOKMARK [1][-]{section.4.8}{\376\377\0004\000.\0008\000\040\000F\000u\000n\000c\000o\000e\000s\000P\000r\000o\000c\000u\000r\000a\000.\000h\000\040\000F\000i\000l\000e\000\040\000R\000e\000f\000e\000r\000e\000n\000c\000e}{chapter.4}% 72
\BOOKMARK [2][-]{subsection.4.8.1}{\376\377\0004\000.\0008\000.\0001\000\040\000D\000e\000t\000a\000i\000l\000e\000d\000\040\000D\000e\000s\000c\000r\000i\000p\000t\000i\000o\000n}{section.4.8}% 73
\BOOKMARK [2][-]{subsection.4.8.2}{\376\377\0004\000.\0008\000.\0002\000\040\000F\000u\000n\000c\000t\000i\000o\000n\000\040\000D\000o\000c\000u\000m\000e\000n\000t\000a\000t\000i\000o\000n}{section.4.8}% 74
\BOOKMARK [3][-]{subsubsection.4.8.2.1}{\376\377\0004\000.\0008\000.\0002\000.\0001\000\040\000C\000a\000l\000c\000u\000l\000o\000S\000o\000m\000a\000E\000n\000t\000r\000e\000D\000o\000i\000s\000V\000e\000r\000t\000i\000c\000e\000s\000\050\000\051}{subsection.4.8.2}% 75
\BOOKMARK [3][-]{subsubsection.4.8.2.2}{\376\377\0004\000.\0008\000.\0002\000.\0002\000\040\000D\000e\000p\000t\000h\000F\000i\000r\000s\000t\000S\000e\000a\000r\000c\000h\000R\000e\000c\000\050\000\051}{subsection.4.8.2}% 76
\BOOKMARK [3][-]{subsubsection.4.8.2.3}{\376\377\0004\000.\0008\000.\0002\000.\0003\000\040\000D\000e\000p\000t\000h\000F\000i\000r\000s\000t\000T\000r\000a\000v\000e\000r\000s\000a\000l\000\050\000\051}{subsection.4.8.2}% 77
\BOOKMARK [3][-]{subsubsection.4.8.2.4}{\376\377\0004\000.\0008\000.\0002\000.\0004\000\040\000P\000r\000o\000c\000e\000s\000s\000a\000V\000e\000r\000t\000i\000c\000e\000\050\000\051}{subsection.4.8.2}% 78
\BOOKMARK [1][-]{section.4.9}{\376\377\0004\000.\0009\000\040\000F\000u\000n\000c\000o\000e\000s\000P\000r\000o\000c\000u\000r\000a\000.\000h}{chapter.4}% 79
\BOOKMARK [1][-]{section.4.10}{\376\377\0004\000.\0001\0000\000\040\000C\000:\000/\000A\000u\000l\000a\000s\000/\0001\000\272\000\040\000a\000n\000o\000/\0002\000\272\000\040\000s\000e\000m\000e\000s\000t\000r\000e\000/\000E\000s\000t\000r\000u\000t\000u\000r\000a\000s\000\040\000d\000e\000\040\000D\000a\000d\000o\000s\000\040\000A\000v\000a\000n\000\347\000a\000d\000a\000s\000/\000T\000r\000a\000b\000a\000l\000h\000o\000\040\000E\000D\000A\000\040\000F\000a\000s\000e\000\040\0002\000/\000S\000r\000c\000/\000F\000u\000n\000c\000o\000e\000s\000L\000I\000B\000/\000G\000e\000r\000e\000G\000r\000a\000f\000o\000s\000.\000c\000\040\000F\000i\000l\000e\000\040\000R\000e\000f\000e\000r\000e\000n\000c\000e}{chapter.4}% 80
\BOOKMARK [2][-]{subsection.4.10.1}{\376\377\0004\000.\0001\0000\000.\0001\000\040\000D\000e\000t\000a\000i\000l\000e\000d\000\040\000D\000e\000s\000c\000r\000i\000p\000t\000i\000o\000n}{section.4.10}% 81
\BOOKMARK [2][-]{subsection.4.10.2}{\376\377\0004\000.\0001\0000\000.\0002\000\040\000F\000u\000n\000c\000t\000i\000o\000n\000\040\000D\000o\000c\000u\000m\000e\000n\000t\000a\000t\000i\000o\000n}{section.4.10}% 82
\BOOKMARK [3][-]{subsubsection.4.10.2.1}{\376\377\0004\000.\0001\0000\000.\0002\000.\0001\000\040\000C\000r\000i\000a\000A\000d\000j\000a\000c\000e\000n\000c\000i\000a\000\050\000\051}{subsection.4.10.2}% 83
\BOOKMARK [3][-]{subsubsection.4.10.2.2}{\376\377\0004\000.\0001\0000\000.\0002\000.\0002\000\040\000C\000r\000i\000a\000G\000r\000a\000f\000o\000\050\000\051}{subsection.4.10.2}% 84
\BOOKMARK [3][-]{subsubsection.4.10.2.3}{\376\377\0004\000.\0001\0000\000.\0002\000.\0003\000\040\000C\000r\000i\000a\000V\000e\000r\000t\000i\000c\000e\000\050\000\051}{subsection.4.10.2}% 85
\BOOKMARK [3][-]{subsubsection.4.10.2.4}{\376\377\0004\000.\0001\0000\000.\0002\000.\0004\000\040\000I\000n\000s\000e\000r\000e\000A\000d\000j\000a\000c\000e\000n\000c\000i\000a\000\050\000\051}{subsection.4.10.2}% 86
\BOOKMARK [3][-]{subsubsection.4.10.2.5}{\376\377\0004\000.\0001\0000\000.\0002\000.\0005\000\040\000I\000n\000s\000e\000r\000e\000A\000d\000j\000a\000c\000e\000n\000c\000i\000a\000V\000e\000r\000t\000i\000c\000e\000\050\000\051}{subsection.4.10.2}% 87
\BOOKMARK [3][-]{subsubsection.4.10.2.6}{\376\377\0004\000.\0001\0000\000.\0002\000.\0006\000\040\000I\000n\000s\000e\000r\000e\000V\000e\000r\000t\000i\000c\000e\000\050\000\051}{subsection.4.10.2}% 88
\BOOKMARK [3][-]{subsubsection.4.10.2.7}{\376\377\0004\000.\0001\0000\000.\0002\000.\0007\000\040\000L\000e\000F\000i\000c\000h\000e\000i\000r\000o\000G\000r\000a\000f\000o\000\050\000\051}{subsection.4.10.2}% 89
\BOOKMARK [3][-]{subsubsection.4.10.2.8}{\376\377\0004\000.\0001\0000\000.\0002\000.\0008\000\040\000L\000i\000m\000p\000a\000G\000r\000a\000f\000o\000\050\000\051}{subsection.4.10.2}% 90
\BOOKMARK [3][-]{subsubsection.4.10.2.9}{\376\377\0004\000.\0001\0000\000.\0002\000.\0009\000\040\000M\000o\000s\000t\000r\000a\000G\000r\000a\000f\000o\000\050\000\051}{subsection.4.10.2}% 91
\BOOKMARK [1][-]{section.4.11}{\376\377\0004\000.\0001\0001\000\040\000C\000:\000/\000A\000u\000l\000a\000s\000/\0001\000\272\000\040\000a\000n\000o\000/\0002\000\272\000\040\000s\000e\000m\000e\000s\000t\000r\000e\000/\000E\000s\000t\000r\000u\000t\000u\000r\000a\000s\000\040\000d\000e\000\040\000D\000a\000d\000o\000s\000\040\000A\000v\000a\000n\000\347\000a\000d\000a\000s\000/\000T\000r\000a\000b\000a\000l\000h\000o\000\040\000E\000D\000A\000\040\000F\000a\000s\000e\000\040\0002\000/\000S\000r\000c\000/\000F\000u\000n\000c\000o\000e\000s\000L\000I\000B\000/\000G\000e\000r\000e\000G\000r\000a\000f\000o\000s\000.\000h\000\040\000F\000i\000l\000e\000\040\000R\000e\000f\000e\000r\000e\000n\000c\000e}{chapter.4}% 92
\BOOKMARK [2][-]{subsection.4.11.1}{\376\377\0004\000.\0001\0001\000.\0001\000\040\000D\000e\000t\000a\000i\000l\000e\000d\000\040\000D\000e\000s\000c\000r\000i\000p\000t\000i\000o\000n}{section.4.11}% 93
\BOOKMARK [2][-]{subsection.4.11.2}{\376\377\0004\000.\0001\0001\000.\0002\000\040\000F\000u\000n\000c\000t\000i\000o\000n\000\040\000D\000o\000c\000u\000m\000e\000n\000t\000a\000t\000i\000o\000n}{section.4.11}% 94
\BOOKMARK [3][-]{subsubsection.4.11.2.1}{\376\377\0004\000.\0001\0001\000.\0002\000.\0001\000\040\000C\000r\000i\000a\000A\000d\000j\000a\000c\000e\000n\000c\000i\000a\000\050\000\051}{subsection.4.11.2}% 95
\BOOKMARK [3][-]{subsubsection.4.11.2.2}{\376\377\0004\000.\0001\0001\000.\0002\000.\0002\000\040\000C\000r\000i\000a\000G\000r\000a\000f\000o\000\050\000\051}{subsection.4.11.2}% 96
\BOOKMARK [3][-]{subsubsection.4.11.2.3}{\376\377\0004\000.\0001\0001\000.\0002\000.\0003\000\040\000C\000r\000i\000a\000V\000e\000r\000t\000i\000c\000e\000\050\000\051}{subsection.4.11.2}% 97
\BOOKMARK [3][-]{subsubsection.4.11.2.4}{\376\377\0004\000.\0001\0001\000.\0002\000.\0004\000\040\000I\000n\000s\000e\000r\000e\000A\000d\000j\000a\000c\000e\000n\000c\000i\000a\000\050\000\051}{subsection.4.11.2}% 98
\BOOKMARK [3][-]{subsubsection.4.11.2.5}{\376\377\0004\000.\0001\0001\000.\0002\000.\0005\000\040\000I\000n\000s\000e\000r\000e\000A\000d\000j\000a\000c\000e\000n\000c\000i\000a\000V\000e\000r\000t\000i\000c\000e\000\050\000\051}{subsection.4.11.2}% 99
\BOOKMARK [3][-]{subsubsection.4.11.2.6}{\376\377\0004\000.\0001\0001\000.\0002\000.\0006\000\040\000I\000n\000s\000e\000r\000e\000V\000e\000r\000t\000i\000c\000e\000\050\000\051}{subsection.4.11.2}% 100
\BOOKMARK [3][-]{subsubsection.4.11.2.7}{\376\377\0004\000.\0001\0001\000.\0002\000.\0007\000\040\000L\000e\000F\000i\000c\000h\000e\000i\000r\000o\000G\000r\000a\000f\000o\000\050\000\051}{subsection.4.11.2}% 101
\BOOKMARK [3][-]{subsubsection.4.11.2.8}{\376\377\0004\000.\0001\0001\000.\0002\000.\0008\000\040\000L\000i\000m\000p\000a\000G\000r\000a\000f\000o\000\050\000\051}{subsection.4.11.2}% 102
\BOOKMARK [3][-]{subsubsection.4.11.2.9}{\376\377\0004\000.\0001\0001\000.\0002\000.\0009\000\040\000M\000o\000s\000t\000r\000a\000G\000r\000a\000f\000o\000\050\000\051}{subsection.4.11.2}% 103
\BOOKMARK [1][-]{section.4.12}{\376\377\0004\000.\0001\0002\000\040\000G\000e\000r\000e\000G\000r\000a\000f\000o\000s\000.\000h}{chapter.4}% 104
\BOOKMARK [1][-]{section.4.13}{\376\377\0004\000.\0001\0003\000\040\000G\000e\000r\000e\000G\000r\000a\000f\000o\000s\000.\000h\000\040\000F\000i\000l\000e\000\040\000R\000e\000f\000e\000r\000e\000n\000c\000e}{chapter.4}% 105
\BOOKMARK [2][-]{subsection.4.13.1}{\376\377\0004\000.\0001\0003\000.\0001\000\040\000D\000e\000t\000a\000i\000l\000e\000d\000\040\000D\000e\000s\000c\000r\000i\000p\000t\000i\000o\000n}{section.4.13}% 106
\BOOKMARK [2][-]{subsection.4.13.2}{\376\377\0004\000.\0001\0003\000.\0002\000\040\000F\000u\000n\000c\000t\000i\000o\000n\000\040\000D\000o\000c\000u\000m\000e\000n\000t\000a\000t\000i\000o\000n}{section.4.13}% 107
\BOOKMARK [3][-]{subsubsection.4.13.2.1}{\376\377\0004\000.\0001\0003\000.\0002\000.\0001\000\040\000C\000r\000i\000a\000A\000d\000j\000a\000c\000e\000n\000c\000i\000a\000\050\000\051}{subsection.4.13.2}% 108
\BOOKMARK [3][-]{subsubsection.4.13.2.2}{\376\377\0004\000.\0001\0003\000.\0002\000.\0002\000\040\000C\000r\000i\000a\000G\000r\000a\000f\000o\000\050\000\051}{subsection.4.13.2}% 109
\BOOKMARK [3][-]{subsubsection.4.13.2.3}{\376\377\0004\000.\0001\0003\000.\0002\000.\0003\000\040\000C\000r\000i\000a\000V\000e\000r\000t\000i\000c\000e\000\050\000\051}{subsection.4.13.2}% 110
\BOOKMARK [3][-]{subsubsection.4.13.2.4}{\376\377\0004\000.\0001\0003\000.\0002\000.\0004\000\040\000I\000n\000s\000e\000r\000e\000A\000d\000j\000a\000c\000e\000n\000c\000i\000a\000\050\000\051}{subsection.4.13.2}% 111
\BOOKMARK [3][-]{subsubsection.4.13.2.5}{\376\377\0004\000.\0001\0003\000.\0002\000.\0005\000\040\000I\000n\000s\000e\000r\000e\000A\000d\000j\000a\000c\000e\000n\000c\000i\000a\000V\000e\000r\000t\000i\000c\000e\000\050\000\051}{subsection.4.13.2}% 112
\BOOKMARK [3][-]{subsubsection.4.13.2.6}{\376\377\0004\000.\0001\0003\000.\0002\000.\0006\000\040\000I\000n\000s\000e\000r\000e\000V\000e\000r\000t\000i\000c\000e\000\050\000\051}{subsection.4.13.2}% 113
\BOOKMARK [3][-]{subsubsection.4.13.2.7}{\376\377\0004\000.\0001\0003\000.\0002\000.\0007\000\040\000L\000e\000F\000i\000c\000h\000e\000i\000r\000o\000G\000r\000a\000f\000o\000\050\000\051}{subsection.4.13.2}% 114
\BOOKMARK [3][-]{subsubsection.4.13.2.8}{\376\377\0004\000.\0001\0003\000.\0002\000.\0008\000\040\000L\000i\000m\000p\000a\000G\000r\000a\000f\000o\000\050\000\051}{subsection.4.13.2}% 115
\BOOKMARK [3][-]{subsubsection.4.13.2.9}{\376\377\0004\000.\0001\0003\000.\0002\000.\0009\000\040\000M\000o\000s\000t\000r\000a\000G\000r\000a\000f\000o\000\050\000\051}{subsection.4.13.2}% 116
\BOOKMARK [1][-]{section.4.14}{\376\377\0004\000.\0001\0004\000\040\000G\000e\000r\000e\000G\000r\000a\000f\000o\000s\000.\000h}{chapter.4}% 117
\BOOKMARK [1][-]{section.4.15}{\376\377\0004\000.\0001\0005\000\040\000C\000:\000/\000A\000u\000l\000a\000s\000/\0001\000\272\000\040\000a\000n\000o\000/\0002\000\272\000\040\000s\000e\000m\000e\000s\000t\000r\000e\000/\000E\000s\000t\000r\000u\000t\000u\000r\000a\000s\000\040\000d\000e\000\040\000D\000a\000d\000o\000s\000\040\000A\000v\000a\000n\000\347\000a\000d\000a\000s\000/\000T\000r\000a\000b\000a\000l\000h\000o\000\040\000E\000D\000A\000\040\000F\000a\000s\000e\000\040\0002\000/\000S\000r\000c\000/\000F\000u\000n\000c\000o\000e\000s\000L\000I\000B\000/\000G\000r\000a\000f\000o\000s\000.\000h\000\040\000F\000i\000l\000e\000\040\000R\000e\000f\000e\000r\000e\000n\000c\000e}{chapter.4}% 118
\BOOKMARK [2][-]{subsection.4.15.1}{\376\377\0004\000.\0001\0005\000.\0001\000\040\000D\000e\000t\000a\000i\000l\000e\000d\000\040\000D\000e\000s\000c\000r\000i\000p\000t\000i\000o\000n}{section.4.15}% 119
\BOOKMARK [2][-]{subsection.4.15.2}{\376\377\0004\000.\0001\0005\000.\0002\000\040\000T\000y\000p\000e\000d\000e\000f\000\040\000D\000o\000c\000u\000m\000e\000n\000t\000a\000t\000i\000o\000n}{section.4.15}% 120
\BOOKMARK [3][-]{subsubsection.4.15.2.1}{\376\377\0004\000.\0001\0005\000.\0002\000.\0001\000\040\000A\000d\000j\000a\000c\000e\000n\000c\000i\000a}{subsection.4.15.2}% 121
\BOOKMARK [3][-]{subsubsection.4.15.2.2}{\376\377\0004\000.\0001\0005\000.\0002\000.\0002\000\040\000G\000r\000a\000f\000o}{subsection.4.15.2}% 122
\BOOKMARK [3][-]{subsubsection.4.15.2.3}{\376\377\0004\000.\0001\0005\000.\0002\000.\0003\000\040\000V\000e\000r\000t\000i\000c\000e}{subsection.4.15.2}% 123
\BOOKMARK [1][-]{section.4.16}{\376\377\0004\000.\0001\0006\000\040\000G\000r\000a\000f\000o\000s\000.\000h}{chapter.4}% 124
\BOOKMARK [1][-]{section.4.17}{\376\377\0004\000.\0001\0007\000\040\000G\000r\000a\000f\000o\000s\000.\000h\000\040\000F\000i\000l\000e\000\040\000R\000e\000f\000e\000r\000e\000n\000c\000e}{chapter.4}% 125
\BOOKMARK [2][-]{subsection.4.17.1}{\376\377\0004\000.\0001\0007\000.\0001\000\040\000D\000e\000t\000a\000i\000l\000e\000d\000\040\000D\000e\000s\000c\000r\000i\000p\000t\000i\000o\000n}{section.4.17}% 126
\BOOKMARK [2][-]{subsection.4.17.2}{\376\377\0004\000.\0001\0007\000.\0002\000\040\000T\000y\000p\000e\000d\000e\000f\000\040\000D\000o\000c\000u\000m\000e\000n\000t\000a\000t\000i\000o\000n}{section.4.17}% 127
\BOOKMARK [3][-]{subsubsection.4.17.2.1}{\376\377\0004\000.\0001\0007\000.\0002\000.\0001\000\040\000A\000d\000j\000a\000c\000e\000n\000c\000i\000a}{subsection.4.17.2}% 128
\BOOKMARK [3][-]{subsubsection.4.17.2.2}{\376\377\0004\000.\0001\0007\000.\0002\000.\0002\000\040\000G\000r\000a\000f\000o}{subsection.4.17.2}% 129
\BOOKMARK [3][-]{subsubsection.4.17.2.3}{\376\377\0004\000.\0001\0007\000.\0002\000.\0003\000\040\000V\000e\000r\000t\000i\000c\000e}{subsection.4.17.2}% 130
\BOOKMARK [1][-]{section.4.18}{\376\377\0004\000.\0001\0008\000\040\000G\000r\000a\000f\000o\000s\000.\000h}{chapter.4}% 131
\BOOKMARK [1][-]{section.4.19}{\376\377\0004\000.\0001\0009\000\040\000C\000:\000/\000A\000u\000l\000a\000s\000/\0001\000\272\000\040\000a\000n\000o\000/\0002\000\272\000\040\000s\000e\000m\000e\000s\000t\000r\000e\000/\000E\000s\000t\000r\000u\000t\000u\000r\000a\000s\000\040\000d\000e\000\040\000D\000a\000d\000o\000s\000\040\000A\000v\000a\000n\000\347\000a\000d\000a\000s\000/\000T\000r\000a\000b\000a\000l\000h\000o\000\040\000E\000D\000A\000\040\000F\000a\000s\000e\000\040\0002\000/\000S\000r\000c\000/\000F\000u\000n\000c\000o\000e\000s\000L\000I\000B\000/\000S\000t\000a\000c\000k\000.\000c\000\040\000F\000i\000l\000e\000\040\000R\000e\000f\000e\000r\000e\000n\000c\000e}{chapter.4}% 132
\BOOKMARK [2][-]{subsection.4.19.1}{\376\377\0004\000.\0001\0009\000.\0001\000\040\000D\000e\000t\000a\000i\000l\000e\000d\000\040\000D\000e\000s\000c\000r\000i\000p\000t\000i\000o\000n}{section.4.19}% 133
\BOOKMARK [2][-]{subsection.4.19.2}{\376\377\0004\000.\0001\0009\000.\0002\000\040\000F\000u\000n\000c\000t\000i\000o\000n\000\040\000D\000o\000c\000u\000m\000e\000n\000t\000a\000t\000i\000o\000n}{section.4.19}% 134
\BOOKMARK [3][-]{subsubsection.4.19.2.1}{\376\377\0004\000.\0001\0009\000.\0002\000.\0001\000\040\000C\000r\000i\000a\000S\000t\000a\000c\000k\000V\000a\000l\000o\000r\000\050\000\051}{subsection.4.19.2}% 135
\BOOKMARK [3][-]{subsubsection.4.19.2.2}{\376\377\0004\000.\0001\0009\000.\0002\000.\0002\000\040\000I\000n\000s\000e\000r\000e\000N\000a\000S\000t\000a\000c\000k\000\050\000\051}{subsection.4.19.2}% 136
\BOOKMARK [3][-]{subsubsection.4.19.2.3}{\376\377\0004\000.\0001\0009\000.\0002\000.\0003\000\040\000I\000s\000S\000t\000a\000c\000k\000E\000m\000p\000t\000y\000\050\000\051}{subsection.4.19.2}% 137
\BOOKMARK [3][-]{subsubsection.4.19.2.4}{\376\377\0004\000.\0001\0009\000.\0002\000.\0004\000\040\000O\000u\000t\000p\000u\000t\000S\000t\000a\000c\000k\000\050\000\051}{subsection.4.19.2}% 138
\BOOKMARK [3][-]{subsubsection.4.19.2.5}{\376\377\0004\000.\0001\0009\000.\0002\000.\0005\000\040\000R\000e\000m\000o\000v\000e\000V\000a\000l\000o\000r\000S\000t\000a\000c\000k\000\050\000\051}{subsection.4.19.2}% 139
\BOOKMARK [3][-]{subsubsection.4.19.2.6}{\376\377\0004\000.\0001\0009\000.\0002\000.\0006\000\040\000S\000t\000a\000c\000k\000P\000e\000e\000k\000\050\000\051}{subsection.4.19.2}% 140
\BOOKMARK [1][-]{section.4.20}{\376\377\0004\000.\0002\0000\000\040\000C\000:\000/\000A\000u\000l\000a\000s\000/\0001\000\272\000\040\000a\000n\000o\000/\0002\000\272\000\040\000s\000e\000m\000e\000s\000t\000r\000e\000/\000E\000s\000t\000r\000u\000t\000u\000r\000a\000s\000\040\000d\000e\000\040\000D\000a\000d\000o\000s\000\040\000A\000v\000a\000n\000\347\000a\000d\000a\000s\000/\000T\000r\000a\000b\000a\000l\000h\000o\000\040\000E\000D\000A\000\040\000F\000a\000s\000e\000\040\0002\000/\000S\000r\000c\000/\000F\000u\000n\000c\000o\000e\000s\000L\000I\000B\000/\000S\000t\000a\000c\000k\000.\000h\000\040\000F\000i\000l\000e\000\040\000R\000e\000f\000e\000r\000e\000n\000c\000e}{chapter.4}% 141
\BOOKMARK [2][-]{subsection.4.20.1}{\376\377\0004\000.\0002\0000\000.\0001\000\040\000D\000e\000t\000a\000i\000l\000e\000d\000\040\000D\000e\000s\000c\000r\000i\000p\000t\000i\000o\000n}{section.4.20}% 142
\BOOKMARK [2][-]{subsection.4.20.2}{\376\377\0004\000.\0002\0000\000.\0002\000\040\000T\000y\000p\000e\000d\000e\000f\000\040\000D\000o\000c\000u\000m\000e\000n\000t\000a\000t\000i\000o\000n}{section.4.20}% 143
\BOOKMARK [3][-]{subsubsection.4.20.2.1}{\376\377\0004\000.\0002\0000\000.\0002\000.\0001\000\040\000S\000t\000a\000c\000k}{subsection.4.20.2}% 144
\BOOKMARK [2][-]{subsection.4.20.3}{\376\377\0004\000.\0002\0000\000.\0003\000\040\000F\000u\000n\000c\000t\000i\000o\000n\000\040\000D\000o\000c\000u\000m\000e\000n\000t\000a\000t\000i\000o\000n}{section.4.20}% 145
\BOOKMARK [3][-]{subsubsection.4.20.3.1}{\376\377\0004\000.\0002\0000\000.\0003\000.\0001\000\040\000C\000r\000i\000a\000S\000t\000a\000c\000k\000V\000a\000l\000o\000r\000\050\000\051}{subsection.4.20.3}% 146
\BOOKMARK [3][-]{subsubsection.4.20.3.2}{\376\377\0004\000.\0002\0000\000.\0003\000.\0002\000\040\000I\000n\000s\000e\000r\000e\000N\000a\000S\000t\000a\000c\000k\000\050\000\051}{subsection.4.20.3}% 147
\BOOKMARK [3][-]{subsubsection.4.20.3.3}{\376\377\0004\000.\0002\0000\000.\0003\000.\0003\000\040\000I\000s\000S\000t\000a\000c\000k\000E\000m\000p\000t\000y\000\050\000\051}{subsection.4.20.3}% 148
\BOOKMARK [3][-]{subsubsection.4.20.3.4}{\376\377\0004\000.\0002\0000\000.\0003\000.\0004\000\040\000O\000u\000t\000p\000u\000t\000S\000t\000a\000c\000k\000\050\000\051}{subsection.4.20.3}% 149
\BOOKMARK [3][-]{subsubsection.4.20.3.5}{\376\377\0004\000.\0002\0000\000.\0003\000.\0005\000\040\000R\000e\000m\000o\000v\000e\000V\000a\000l\000o\000r\000S\000t\000a\000c\000k\000\050\000\051}{subsection.4.20.3}% 150
\BOOKMARK [3][-]{subsubsection.4.20.3.6}{\376\377\0004\000.\0002\0000\000.\0003\000.\0006\000\040\000S\000t\000a\000c\000k\000P\000e\000e\000k\000\050\000\051}{subsection.4.20.3}% 151
\BOOKMARK [1][-]{section.4.21}{\376\377\0004\000.\0002\0001\000\040\000S\000t\000a\000c\000k\000.\000h}{chapter.4}% 152
\BOOKMARK [1][-]{section.4.22}{\376\377\0004\000.\0002\0002\000\040\000S\000t\000a\000c\000k\000.\000h\000\040\000F\000i\000l\000e\000\040\000R\000e\000f\000e\000r\000e\000n\000c\000e}{chapter.4}% 153
\BOOKMARK [2][-]{subsection.4.22.1}{\376\377\0004\000.\0002\0002\000.\0001\000\040\000D\000e\000t\000a\000i\000l\000e\000d\000\040\000D\000e\000s\000c\000r\000i\000p\000t\000i\000o\000n}{section.4.22}% 154
\BOOKMARK [2][-]{subsection.4.22.2}{\376\377\0004\000.\0002\0002\000.\0002\000\040\000T\000y\000p\000e\000d\000e\000f\000\040\000D\000o\000c\000u\000m\000e\000n\000t\000a\000t\000i\000o\000n}{section.4.22}% 155
\BOOKMARK [3][-]{subsubsection.4.22.2.1}{\376\377\0004\000.\0002\0002\000.\0002\000.\0001\000\040\000S\000t\000a\000c\000k}{subsection.4.22.2}% 156
\BOOKMARK [2][-]{subsection.4.22.3}{\376\377\0004\000.\0002\0002\000.\0003\000\040\000F\000u\000n\000c\000t\000i\000o\000n\000\040\000D\000o\000c\000u\000m\000e\000n\000t\000a\000t\000i\000o\000n}{section.4.22}% 157
\BOOKMARK [3][-]{subsubsection.4.22.3.1}{\376\377\0004\000.\0002\0002\000.\0003\000.\0001\000\040\000C\000r\000i\000a\000S\000t\000a\000c\000k\000V\000a\000l\000o\000r\000\050\000\051}{subsection.4.22.3}% 158
\BOOKMARK [3][-]{subsubsection.4.22.3.2}{\376\377\0004\000.\0002\0002\000.\0003\000.\0002\000\040\000I\000n\000s\000e\000r\000e\000N\000a\000S\000t\000a\000c\000k\000\050\000\051}{subsection.4.22.3}% 159
\BOOKMARK [3][-]{subsubsection.4.22.3.3}{\376\377\0004\000.\0002\0002\000.\0003\000.\0003\000\040\000I\000s\000S\000t\000a\000c\000k\000E\000m\000p\000t\000y\000\050\000\051}{subsection.4.22.3}% 160
\BOOKMARK [3][-]{subsubsection.4.22.3.4}{\376\377\0004\000.\0002\0002\000.\0003\000.\0004\000\040\000O\000u\000t\000p\000u\000t\000S\000t\000a\000c\000k\000\050\000\051}{subsection.4.22.3}% 161
\BOOKMARK [3][-]{subsubsection.4.22.3.5}{\376\377\0004\000.\0002\0002\000.\0003\000.\0005\000\040\000R\000e\000m\000o\000v\000e\000V\000a\000l\000o\000r\000S\000t\000a\000c\000k\000\050\000\051}{subsection.4.22.3}% 162
\BOOKMARK [3][-]{subsubsection.4.22.3.6}{\376\377\0004\000.\0002\0002\000.\0003\000.\0006\000\040\000S\000t\000a\000c\000k\000P\000e\000e\000k\000\050\000\051}{subsection.4.22.3}% 163
\BOOKMARK [1][-]{section.4.23}{\376\377\0004\000.\0002\0003\000\040\000S\000t\000a\000c\000k\000.\000h}{chapter.4}% 164
\BOOKMARK [1][-]{section.4.24}{\376\377\0004\000.\0002\0004\000\040\000C\000:\000/\000A\000u\000l\000a\000s\000/\0001\000\272\000\040\000a\000n\000o\000/\0002\000\272\000\040\000s\000e\000m\000e\000s\000t\000r\000e\000/\000E\000s\000t\000r\000u\000t\000u\000r\000a\000s\000\040\000d\000e\000\040\000D\000a\000d\000o\000s\000\040\000A\000v\000a\000n\000\347\000a\000d\000a\000s\000/\000T\000r\000a\000b\000a\000l\000h\000o\000\040\000E\000D\000A\000\040\000F\000a\000s\000e\000\040\0002\000/\000S\000r\000c\000/\000F\000u\000n\000c\000o\000e\000s\000L\000I\000B\000/\000U\000t\000i\000l\000i\000d\000a\000d\000e\000s\000.\000c\000\040\000F\000i\000l\000e\000\040\000R\000e\000f\000e\000r\000e\000n\000c\000e}{chapter.4}% 165
\BOOKMARK [2][-]{subsection.4.24.1}{\376\377\0004\000.\0002\0004\000.\0001\000\040\000D\000e\000t\000a\000i\000l\000e\000d\000\040\000D\000e\000s\000c\000r\000i\000p\000t\000i\000o\000n}{section.4.24}% 166
\BOOKMARK [2][-]{subsection.4.24.2}{\376\377\0004\000.\0002\0004\000.\0002\000\040\000F\000u\000n\000c\000t\000i\000o\000n\000\040\000D\000o\000c\000u\000m\000e\000n\000t\000a\000t\000i\000o\000n}{section.4.24}% 167
\BOOKMARK [3][-]{subsubsection.4.24.2.1}{\376\377\0004\000.\0002\0004\000.\0002\000.\0001\000\040\000A\000d\000i\000c\000i\000o\000n\000a\000A\000d\000j\000a\000c\000e\000n\000c\000i\000a\000\050\000\051}{subsection.4.24.2}% 168
\BOOKMARK [3][-]{subsubsection.4.24.2.2}{\376\377\0004\000.\0002\0004\000.\0002\000.\0002\000\040\000A\000d\000i\000c\000i\000o\000n\000a\000V\000e\000r\000t\000i\000c\000e\000\050\000\051}{subsection.4.24.2}% 169
\BOOKMARK [3][-]{subsubsection.4.24.2.3}{\376\377\0004\000.\0002\0004\000.\0002\000.\0003\000\040\000L\000i\000m\000p\000a\000L\000i\000s\000t\000a\000A\000d\000j\000a\000c\000e\000n\000c\000i\000a\000s\000\050\000\051}{subsection.4.24.2}% 170
\BOOKMARK [3][-]{subsubsection.4.24.2.4}{\376\377\0004\000.\0002\0004\000.\0002\000.\0004\000\040\000P\000r\000o\000c\000u\000r\000a\000V\000e\000r\000t\000i\000c\000e\000C\000o\000d\000\050\000\051}{subsection.4.24.2}% 171
\BOOKMARK [3][-]{subsubsection.4.24.2.5}{\376\377\0004\000.\0002\0004\000.\0002\000.\0005\000\040\000R\000e\000m\000o\000v\000e\000A\000d\000j\000a\000c\000e\000n\000c\000i\000a\000\050\000\051}{subsection.4.24.2}% 172
\BOOKMARK [3][-]{subsubsection.4.24.2.6}{\376\377\0004\000.\0002\0004\000.\0002\000.\0006\000\040\000R\000e\000m\000o\000v\000e\000V\000e\000r\000t\000i\000c\000e\000\050\000\051}{subsection.4.24.2}% 173
\BOOKMARK [3][-]{subsubsection.4.24.2.7}{\376\377\0004\000.\0002\0004\000.\0002\000.\0007\000\040\000V\000e\000r\000i\000f\000i\000c\000a\000E\000x\000i\000s\000t\000e\000A\000d\000j\000a\000c\000e\000n\000c\000i\000a\000\050\000\051}{subsection.4.24.2}% 174
\BOOKMARK [3][-]{subsubsection.4.24.2.8}{\376\377\0004\000.\0002\0004\000.\0002\000.\0008\000\040\000V\000e\000r\000i\000f\000i\000c\000a\000E\000x\000i\000s\000t\000e\000V\000e\000r\000t\000i\000c\000e\000\050\000\051}{subsection.4.24.2}% 175
\BOOKMARK [1][-]{section.4.25}{\376\377\0004\000.\0002\0005\000\040\000C\000:\000/\000A\000u\000l\000a\000s\000/\0001\000\272\000\040\000a\000n\000o\000/\0002\000\272\000\040\000s\000e\000m\000e\000s\000t\000r\000e\000/\000E\000s\000t\000r\000u\000t\000u\000r\000a\000s\000\040\000d\000e\000\040\000D\000a\000d\000o\000s\000\040\000A\000v\000a\000n\000\347\000a\000d\000a\000s\000/\000T\000r\000a\000b\000a\000l\000h\000o\000\040\000E\000D\000A\000\040\000F\000a\000s\000e\000\040\0002\000/\000S\000r\000c\000/\000F\000u\000n\000c\000o\000e\000s\000L\000I\000B\000/\000U\000t\000i\000l\000i\000d\000a\000d\000e\000s\000.\000h\000\040\000F\000i\000l\000e\000\040\000R\000e\000f\000e\000r\000e\000n\000c\000e}{chapter.4}% 176
\BOOKMARK [2][-]{subsection.4.25.1}{\376\377\0004\000.\0002\0005\000.\0001\000\040\000D\000e\000t\000a\000i\000l\000e\000d\000\040\000D\000e\000s\000c\000r\000i\000p\000t\000i\000o\000n}{section.4.25}% 177
\BOOKMARK [2][-]{subsection.4.25.2}{\376\377\0004\000.\0002\0005\000.\0002\000\040\000F\000u\000n\000c\000t\000i\000o\000n\000\040\000D\000o\000c\000u\000m\000e\000n\000t\000a\000t\000i\000o\000n}{section.4.25}% 178
\BOOKMARK [3][-]{subsubsection.4.25.2.1}{\376\377\0004\000.\0002\0005\000.\0002\000.\0001\000\040\000A\000d\000i\000c\000i\000o\000n\000a\000A\000d\000j\000a\000c\000e\000n\000c\000i\000a\000\050\000\051}{subsection.4.25.2}% 179
\BOOKMARK [3][-]{subsubsection.4.25.2.2}{\376\377\0004\000.\0002\0005\000.\0002\000.\0002\000\040\000A\000d\000i\000c\000i\000o\000n\000a\000V\000e\000r\000t\000i\000c\000e\000\050\000\051}{subsection.4.25.2}% 180
\BOOKMARK [3][-]{subsubsection.4.25.2.3}{\376\377\0004\000.\0002\0005\000.\0002\000.\0003\000\040\000L\000i\000m\000p\000a\000L\000i\000s\000t\000a\000A\000d\000j\000a\000c\000e\000n\000c\000i\000a\000s\000\050\000\051}{subsection.4.25.2}% 181
\BOOKMARK [3][-]{subsubsection.4.25.2.4}{\376\377\0004\000.\0002\0005\000.\0002\000.\0004\000\040\000P\000r\000o\000c\000u\000r\000a\000V\000e\000r\000t\000i\000c\000e\000C\000o\000d\000\050\000\051}{subsection.4.25.2}% 182
\BOOKMARK [3][-]{subsubsection.4.25.2.5}{\376\377\0004\000.\0002\0005\000.\0002\000.\0005\000\040\000R\000e\000m\000o\000v\000e\000A\000d\000j\000a\000c\000e\000n\000c\000i\000a\000\050\000\051}{subsection.4.25.2}% 183
\BOOKMARK [3][-]{subsubsection.4.25.2.6}{\376\377\0004\000.\0002\0005\000.\0002\000.\0006\000\040\000R\000e\000m\000o\000v\000e\000V\000e\000r\000t\000i\000c\000e\000\050\000\051}{subsection.4.25.2}% 184
\BOOKMARK [3][-]{subsubsection.4.25.2.7}{\376\377\0004\000.\0002\0005\000.\0002\000.\0007\000\040\000V\000e\000r\000i\000f\000i\000c\000a\000E\000x\000i\000s\000t\000e\000A\000d\000j\000a\000c\000e\000n\000c\000i\000a\000\050\000\051}{subsection.4.25.2}% 185
\BOOKMARK [3][-]{subsubsection.4.25.2.8}{\376\377\0004\000.\0002\0005\000.\0002\000.\0008\000\040\000V\000e\000r\000i\000f\000i\000c\000a\000E\000x\000i\000s\000t\000e\000V\000e\000r\000t\000i\000c\000e\000\050\000\051}{subsection.4.25.2}% 186
\BOOKMARK [1][-]{section.4.26}{\376\377\0004\000.\0002\0006\000\040\000U\000t\000i\000l\000i\000d\000a\000d\000e\000s\000.\000h}{chapter.4}% 187
\BOOKMARK [1][-]{section.4.27}{\376\377\0004\000.\0002\0007\000\040\000U\000t\000i\000l\000i\000d\000a\000d\000e\000s\000.\000h\000\040\000F\000i\000l\000e\000\040\000R\000e\000f\000e\000r\000e\000n\000c\000e}{chapter.4}% 188
\BOOKMARK [2][-]{subsection.4.27.1}{\376\377\0004\000.\0002\0007\000.\0001\000\040\000D\000e\000t\000a\000i\000l\000e\000d\000\040\000D\000e\000s\000c\000r\000i\000p\000t\000i\000o\000n}{section.4.27}% 189
\BOOKMARK [2][-]{subsection.4.27.2}{\376\377\0004\000.\0002\0007\000.\0002\000\040\000F\000u\000n\000c\000t\000i\000o\000n\000\040\000D\000o\000c\000u\000m\000e\000n\000t\000a\000t\000i\000o\000n}{section.4.27}% 190
\BOOKMARK [3][-]{subsubsection.4.27.2.1}{\376\377\0004\000.\0002\0007\000.\0002\000.\0001\000\040\000A\000d\000i\000c\000i\000o\000n\000a\000A\000d\000j\000a\000c\000e\000n\000c\000i\000a\000\050\000\051}{subsection.4.27.2}% 191
\BOOKMARK [3][-]{subsubsection.4.27.2.2}{\376\377\0004\000.\0002\0007\000.\0002\000.\0002\000\040\000A\000d\000i\000c\000i\000o\000n\000a\000V\000e\000r\000t\000i\000c\000e\000\050\000\051}{subsection.4.27.2}% 192
\BOOKMARK [3][-]{subsubsection.4.27.2.3}{\376\377\0004\000.\0002\0007\000.\0002\000.\0003\000\040\000L\000i\000m\000p\000a\000L\000i\000s\000t\000a\000A\000d\000j\000a\000c\000e\000n\000c\000i\000a\000s\000\050\000\051}{subsection.4.27.2}% 193
\BOOKMARK [3][-]{subsubsection.4.27.2.4}{\376\377\0004\000.\0002\0007\000.\0002\000.\0004\000\040\000P\000r\000o\000c\000u\000r\000a\000V\000e\000r\000t\000i\000c\000e\000C\000o\000d\000\050\000\051}{subsection.4.27.2}% 194
\BOOKMARK [3][-]{subsubsection.4.27.2.5}{\376\377\0004\000.\0002\0007\000.\0002\000.\0005\000\040\000R\000e\000m\000o\000v\000e\000A\000d\000j\000a\000c\000e\000n\000c\000i\000a\000\050\000\051}{subsection.4.27.2}% 195
\BOOKMARK [3][-]{subsubsection.4.27.2.6}{\376\377\0004\000.\0002\0007\000.\0002\000.\0006\000\040\000R\000e\000m\000o\000v\000e\000V\000e\000r\000t\000i\000c\000e\000\050\000\051}{subsection.4.27.2}% 196
\BOOKMARK [3][-]{subsubsection.4.27.2.7}{\376\377\0004\000.\0002\0007\000.\0002\000.\0007\000\040\000V\000e\000r\000i\000f\000i\000c\000a\000E\000x\000i\000s\000t\000e\000A\000d\000j\000a\000c\000e\000n\000c\000i\000a\000\050\000\051}{subsection.4.27.2}% 197
\BOOKMARK [3][-]{subsubsection.4.27.2.8}{\376\377\0004\000.\0002\0007\000.\0002\000.\0008\000\040\000V\000e\000r\000i\000f\000i\000c\000a\000E\000x\000i\000s\000t\000e\000V\000e\000r\000t\000i\000c\000e\000\050\000\051}{subsection.4.27.2}% 198
\BOOKMARK [1][-]{section.4.28}{\376\377\0004\000.\0002\0008\000\040\000U\000t\000i\000l\000i\000d\000a\000d\000e\000s\000.\000h}{chapter.4}% 199
\BOOKMARK [1][-]{section.4.29}{\376\377\0004\000.\0002\0009\000\040\000M\000a\000i\000n\000.\000c\000\040\000F\000i\000l\000e\000\040\000R\000e\000f\000e\000r\000e\000n\000c\000e}{chapter.4}% 200
\BOOKMARK [2][-]{subsection.4.29.1}{\376\377\0004\000.\0002\0009\000.\0001\000\040\000D\000e\000t\000a\000i\000l\000e\000d\000\040\000D\000e\000s\000c\000r\000i\000p\000t\000i\000o\000n}{section.4.29}% 201
\BOOKMARK [2][-]{subsection.4.29.2}{\376\377\0004\000.\0002\0009\000.\0002\000\040\000F\000u\000n\000c\000t\000i\000o\000n\000\040\000D\000o\000c\000u\000m\000e\000n\000t\000a\000t\000i\000o\000n}{section.4.29}% 202
\BOOKMARK [3][-]{subsubsection.4.29.2.1}{\376\377\0004\000.\0002\0009\000.\0002\000.\0001\000\040\000m\000a\000i\000n\000\050\000\051}{subsection.4.29.2}% 203
\BOOKMARK [0][-]{section*.28}{\376\377\000I\000n\000d\000e\000x}{}% 204
